{"@t":"2020-11-14T12:12:23.7271915Z","@mt":"Seq {SeqVersion} running on OS {OSCaption}","SeqVersion":"2020.3.4761","OSCaption":"Linux 5.4.39-linuxkit #1 SMP Fri May 8 23:03:06 UTC 2020","SourceContext":"Seq.Server.Features.Diagnostics.EnvironmentInformationWriter"}
{"@t":"2020-11-14T12:12:23.7926110Z","@mt":"Seq detected {TotalRAM} MB of RAM","TotalRAM":2084.323328,"SourceContext":"Seq.Server.Features.Diagnostics.EnvironmentInformationWriter"}
{"@t":"2020-11-14T12:12:24.1329468Z","@mt":"Seq listening on {ListenUris}","ListenUris":["http://localhost/","http://localhost:5341/"]}
{"@t":"2020-11-14T12:12:24.1607952Z","@mt":"Opening event store at {StreamPath}","StreamPath":"/data/Stream/stream.flare","SourceContext":"Flare.Cluster.StorageNodeCoordinator"}
{"@t":"2020-11-14T12:12:24.2108003Z","@mt":"Opening metastore {MetastorePath}","MetastorePath":"/data/Documents/documents.lmdb","SourceContext":"Quince.Storage.Lmdb.LmdbDocumentStore"}
{"@t":"2020-11-14T12:12:24.2634241Z","@mt":"Initializing a new metastore","SourceContext":"Quince.Storage.Lmdb.LmdbDocumentStore"}
{"@t":"2020-11-14T12:12:24.4606470Z","@mt":"Creating default workspace for {UserId}","UserId":"user-admin"}
{"@t":"2020-11-14T12:12:24.5537974Z","@mt":"Storage subsystem available"}
{"@t":"2020-11-14T12:13:24.6201166Z","@mt":"{CollectionCount} more generation 2 garbage collection(s) occurred","CollectionCount":1,"SourceContext":"Seq.Server.Features.Diagnostics.GCLogger"}
{"@t":"2020-11-14T12:17:06.0221265Z","@mt":"Updated {DocumentId}","DocumentId":"user-admin","SourceContext":"Seq.Server.Web.Api.UsersController","Principal":{"Id":"user-admin","OnBehalfOfUserId":"user-admin"},"ActionId":"a3a8456c-6b3e-4c48-94c7-7475891a305a","ActionName":"Seq.Server.Web.Api.UsersController.Update (Seq)","RequestId":"0HM48IQ84G6GF:00000005","RequestPath":"/api/users/user-admin","SpanId":"|1f569390-42a1f3d6a460337b.","TraceId":"1f569390-42a1f3d6a460337b","ParentId":"","ConnectionId":"0HM48IQ84G6GF"}
{"@t":"2020-11-14T12:17:06.0375530Z","@mt":"Updating active alerts for owner {UserId}","UserId":"user-admin","SourceContext":"Seq.Server.Features.Monitoring.AlertProcessor","Principal":{"Id":"user-admin","OnBehalfOfUserId":"user-admin"},"ActionId":"a3a8456c-6b3e-4c48-94c7-7475891a305a","ActionName":"Seq.Server.Web.Api.UsersController.Update (Seq)","RequestId":"0HM48IQ84G6GF:00000005","RequestPath":"/api/users/user-admin","SpanId":"|1f569390-42a1f3d6a460337b.","TraceId":"1f569390-42a1f3d6a460337b","ParentId":"","ConnectionId":"0HM48IQ84G6GF"}
{"@t":"2020-11-14T12:17:24.6018163Z","@mt":"Metrics sampled","CacheDays":0,"CacheEvents":0,"SystemMemoryUtilization":0.3515764402556262,"ProcessWorkingSetBytes":134520832,"ProcessThreads":26,"ArrivedEventsPerMinute":0,"IngestedEventsPerMinute":0,"IngestedBytesPerMinute":0,"InvalidPayloadsPerMinute":0,"UnauthorizedPayloadsPerMinute":0,"BroadcastQueueCount":0,"BroadcastSubscriptionQueuesAggregateCount":0}
{"@t":"2020-11-14T12:22:24.6021267Z","@mt":"Metrics sampled","CacheDays":0,"CacheEvents":0,"SystemMemoryUtilization":0.3557720273233923,"ProcessWorkingSetBytes":146444288,"ProcessThreads":31,"ArrivedEventsPerMinute":0,"IngestedEventsPerMinute":0,"IngestedBytesPerMinute":0,"InvalidPayloadsPerMinute":0,"UnauthorizedPayloadsPerMinute":0,"BroadcastQueueCount":0,"BroadcastSubscriptionQueuesAggregateCount":0}
{"@t":"2020-11-14T12:22:24.6243637Z","@mt":"Applying {Count} retention policies","Count":0,"SourceContext":"Seq.Server.Features.Retention.RetentionPolicyApplier"}
{"@t":"2020-11-14T12:22:24.6294144Z","@mt":"Retention processing and compaction took {Elapsed} ms; allocating {Allocation} ms for indexing","Elapsed":9.5545,"Allocation":599990.4455}
{"@t":"2020-11-14T12:22:24.6337175Z","@mt":"Beginning indexing","SourceContext":"Seq.Server.Features.Indexing.EventStoreIndexer"}
{"@t":"2020-11-14T12:22:24.7327378Z","@mt":"Wrote {IndexSetCount} index sets in {Elapsed:0.000} ms","@r":["98.000"],"IndexSetCount":0,"Elapsed":98,"SourceContext":"Seq.Server.Features.Indexing.EventStoreIndexer"}
{"@t":"2020-11-14T12:22:24.7343283Z","@mt":"Indexing took {Elapsed} ms; total iteration time was {Iteration} ms","Elapsed":103,"Iteration":113.3578}
{"@t":"2020-11-14T12:27:24.6033513Z","@mt":"Metrics sampled","CacheDays":0,"CacheEvents":0,"SystemMemoryUtilization":0.3556226762146568,"ProcessWorkingSetBytes":148639744,"ProcessThreads":26,"ArrivedEventsPerMinute":0,"IngestedEventsPerMinute":0,"IngestedBytesPerMinute":0,"InvalidPayloadsPerMinute":0,"UnauthorizedPayloadsPerMinute":0,"BroadcastQueueCount":0,"BroadcastSubscriptionQueuesAggregateCount":0}
{"@t":"2020-11-14T12:32:24.6020229Z","@mt":"Metrics sampled","CacheDays":0,"CacheEvents":0,"SystemMemoryUtilization":0.35858415148918776,"ProcessWorkingSetBytes":156094464,"ProcessThreads":25,"ArrivedEventsPerMinute":0,"IngestedEventsPerMinute":0,"IngestedBytesPerMinute":0,"InvalidPayloadsPerMinute":0,"UnauthorizedPayloadsPerMinute":0,"BroadcastQueueCount":0,"BroadcastSubscriptionQueuesAggregateCount":0}
{"@t":"2020-11-14T12:32:24.6164738Z","@mt":"Applying {Count} retention policies","Count":0,"SourceContext":"Seq.Server.Features.Retention.RetentionPolicyApplier"}
{"@t":"2020-11-14T12:32:24.6194917Z","@mt":"Retention processing and compaction took {Elapsed} ms; allocating {Allocation} ms for indexing","Elapsed":3.7914,"Allocation":599996.2086}
{"@t":"2020-11-14T12:32:24.6209506Z","@mt":"Beginning indexing","SourceContext":"Seq.Server.Features.Indexing.EventStoreIndexer"}
{"@t":"2020-11-14T12:32:24.6317556Z","@mt":"Wrote {IndexSetCount} index sets in {Elapsed:0.000} ms","@r":["9.000"],"IndexSetCount":0,"Elapsed":9,"SourceContext":"Seq.Server.Features.Indexing.EventStoreIndexer"}
{"@t":"2020-11-14T12:32:24.6325649Z","@mt":"Indexing took {Elapsed} ms; total iteration time was {Iteration} ms","Elapsed":11,"Iteration":15.4461}
{"@t":"2020-11-14T12:34:41.7427587Z","@mt":"Seq {SeqVersion} running on OS {OSCaption}","SeqVersion":"2020.3.4761","OSCaption":"Linux 5.4.39-linuxkit #1 SMP Fri May 8 23:03:06 UTC 2020","SourceContext":"Seq.Server.Features.Diagnostics.EnvironmentInformationWriter"}
{"@t":"2020-11-14T12:34:41.9232737Z","@mt":"Seq detected {TotalRAM} MB of RAM","TotalRAM":2084.323328,"SourceContext":"Seq.Server.Features.Diagnostics.EnvironmentInformationWriter"}
{"@t":"2020-11-14T12:34:42.6056337Z","@mt":"Seq listening on {ListenUris}","ListenUris":["http://localhost/","http://localhost:5341/"]}
{"@t":"2020-11-14T12:34:42.6423685Z","@mt":"Opening event store at {StreamPath}","StreamPath":"/data/Stream/stream.flare","SourceContext":"Flare.Cluster.StorageNodeCoordinator"}
{"@t":"2020-11-14T12:34:42.7115241Z","@mt":"Opening metastore {MetastorePath}","MetastorePath":"/data/Documents/documents.lmdb","SourceContext":"Quince.Storage.Lmdb.LmdbDocumentStore"}
{"@t":"2020-11-14T12:34:42.8212266Z","@mt":"Storage subsystem available"}
{"@t":"2020-11-14T12:35:42.9968695Z","@mt":"{CollectionCount} more generation 2 garbage collection(s) occurred","CollectionCount":1,"SourceContext":"Seq.Server.Features.Diagnostics.GCLogger"}
{"@t":"2020-11-14T12:37:29.2912758Z","@mt":"Seq {SeqVersion} running on OS {OSCaption}","SeqVersion":"2020.3.4761","OSCaption":"Linux 5.4.39-linuxkit #1 SMP Fri May 8 23:03:06 UTC 2020","SourceContext":"Seq.Server.Features.Diagnostics.EnvironmentInformationWriter"}
{"@t":"2020-11-14T12:37:29.4469772Z","@mt":"Seq detected {TotalRAM} MB of RAM","TotalRAM":2084.323328,"SourceContext":"Seq.Server.Features.Diagnostics.EnvironmentInformationWriter"}
{"@t":"2020-11-14T12:37:30.2052650Z","@mt":"Seq listening on {ListenUris}","ListenUris":["http://localhost/","http://localhost:5341/"]}
{"@t":"2020-11-14T12:37:30.2692752Z","@mt":"Opening event store at {StreamPath}","StreamPath":"/data/Stream/stream.flare","SourceContext":"Flare.Cluster.StorageNodeCoordinator"}
{"@t":"2020-11-14T12:37:30.3986374Z","@mt":"Opening metastore {MetastorePath}","MetastorePath":"/data/Documents/documents.lmdb","SourceContext":"Quince.Storage.Lmdb.LmdbDocumentStore"}
{"@t":"2020-11-14T12:37:30.5723018Z","@mt":"Storage subsystem available"}
{"@t":"2020-11-14T12:38:30.6877316Z","@mt":"{CollectionCount} more generation 2 garbage collection(s) occurred","CollectionCount":1,"SourceContext":"Seq.Server.Features.Diagnostics.GCLogger"}
{"@t":"2020-11-14T12:42:30.6801302Z","@mt":"Metrics sampled","CacheDays":0,"CacheEvents":0,"SystemMemoryUtilization":0.34371782073150603,"ProcessWorkingSetBytes":125456384,"ProcessThreads":24,"ArrivedEventsPerMinute":0,"IngestedEventsPerMinute":0,"IngestedBytesPerMinute":0,"InvalidPayloadsPerMinute":0,"UnauthorizedPayloadsPerMinute":0,"BroadcastQueueCount":0,"BroadcastSubscriptionQueuesAggregateCount":0}
{"@t":"2020-11-14T12:44:18.2053271Z","@mt":"Termination signal received"}
{"@t":"2020-11-14T12:44:18.2181357Z","@mt":"Signalling for {Workers} worker task(s) to complete","Workers":3,"SourceContext":"Flare.Workers.WorkerPool"}
{"@t":"2020-11-14T12:44:20.6251562Z","@mt":"Stopping {Tasks} scheduled tasks","Tasks":15,"SourceContext":"Seq.Server.Tasks.TaskRunner"}
{"@t":"2020-11-14T12:44:20.6263578Z","@mt":"Stopping broadcast channel","SourceContext":"Flare.Broadcast.BroadcastChannel"}
{"@t":"2020-11-14T12:44:20.6948646Z","@mt":"Stopping input channel","SourceContext":"Seq.Server.Features.Apps.Inputs.InputChannel"}
{"@t":"2020-11-14T12:44:20.7146872Z","@mt":"Closing event store","SourceContext":"Flare.Cluster.StorageNodeCoordinator"}
{"@t":"2020-11-14T12:44:20.7157162Z","@mt":"Closing metastore","SourceContext":"Quince.Storage.Lmdb.LmdbDocumentStore"}
{"@t":"2020-11-14T12:44:20.7193865Z","@mt":"Server stopped cleanly"}
{"@t":"2020-11-14T12:44:24.5217529Z","@mt":"Seq {SeqVersion} running on OS {OSCaption}","SeqVersion":"2020.3.4761","OSCaption":"Linux 5.4.39-linuxkit #1 SMP Fri May 8 23:03:06 UTC 2020","SourceContext":"Seq.Server.Features.Diagnostics.EnvironmentInformationWriter"}
{"@t":"2020-11-14T12:44:24.5977148Z","@mt":"Seq detected {TotalRAM} MB of RAM","TotalRAM":2084.323328,"SourceContext":"Seq.Server.Features.Diagnostics.EnvironmentInformationWriter"}
{"@t":"2020-11-14T12:44:25.2933407Z","@mt":"Seq listening on {ListenUris}","ListenUris":["http://localhost/","http://localhost:5341/"]}
{"@t":"2020-11-14T12:44:25.3485089Z","@mt":"Opening event store at {StreamPath}","StreamPath":"/data/Stream/stream.flare","SourceContext":"Flare.Cluster.StorageNodeCoordinator"}
{"@t":"2020-11-14T12:44:25.4486891Z","@mt":"Opening metastore {MetastorePath}","MetastorePath":"/data/Documents/documents.lmdb","SourceContext":"Quince.Storage.Lmdb.LmdbDocumentStore"}
{"@t":"2020-11-14T12:44:25.6204396Z","@mt":"Storage subsystem available"}
{"@t":"2020-11-14T12:45:25.6981773Z","@mt":"{CollectionCount} more generation 2 garbage collection(s) occurred","CollectionCount":1,"SourceContext":"Seq.Server.Features.Diagnostics.GCLogger"}
{"@t":"2020-11-14T12:49:25.7131275Z","@mt":"Metrics sampled","CacheDays":0,"CacheEvents":0,"SystemMemoryUtilization":0.3440361744106527,"ProcessWorkingSetBytes":125140992,"ProcessThreads":26,"ArrivedEventsPerMinute":0,"IngestedEventsPerMinute":0,"IngestedBytesPerMinute":0,"InvalidPayloadsPerMinute":0,"UnauthorizedPayloadsPerMinute":0,"BroadcastQueueCount":0,"BroadcastSubscriptionQueuesAggregateCount":0}
{"@t":"2020-11-14T12:54:25.7005850Z","@mt":"Metrics sampled","CacheDays":0,"CacheEvents":0,"SystemMemoryUtilization":0.35128952891516074,"ProcessWorkingSetBytes":143011840,"ProcessThreads":23,"ArrivedEventsPerMinute":0,"IngestedEventsPerMinute":0,"IngestedBytesPerMinute":0,"InvalidPayloadsPerMinute":0,"UnauthorizedPayloadsPerMinute":0,"BroadcastQueueCount":0,"BroadcastSubscriptionQueuesAggregateCount":0}
{"@t":"2020-11-14T12:54:25.7170144Z","@mt":"Applying {Count} retention policies","Count":0,"SourceContext":"Seq.Server.Features.Retention.RetentionPolicyApplier"}
{"@t":"2020-11-14T12:54:25.7215937Z","@mt":"Retention processing and compaction took {Elapsed} ms; allocating {Allocation} ms for indexing","Elapsed":7.7469,"Allocation":599992.2531}
{"@t":"2020-11-14T12:54:25.7254872Z","@mt":"Beginning indexing","SourceContext":"Seq.Server.Features.Indexing.EventStoreIndexer"}
{"@t":"2020-11-14T12:54:25.8400545Z","@mt":"Wrote {IndexSetCount} index sets in {Elapsed:0.000} ms","@r":["113.000"],"IndexSetCount":0,"Elapsed":113,"SourceContext":"Seq.Server.Features.Indexing.EventStoreIndexer"}
{"@t":"2020-11-14T12:54:25.8422034Z","@mt":"Indexing took {Elapsed} ms; total iteration time was {Iteration} ms","Elapsed":119,"Iteration":127.2967}
{"@t":"2020-11-14T12:59:25.7011335Z","@mt":"Metrics sampled","CacheDays":0,"CacheEvents":0,"SystemMemoryUtilization":0.35161967347131284,"ProcessWorkingSetBytes":145444864,"ProcessThreads":22,"ArrivedEventsPerMinute":0,"IngestedEventsPerMinute":0,"IngestedBytesPerMinute":0,"InvalidPayloadsPerMinute":0,"UnauthorizedPayloadsPerMinute":0,"BroadcastQueueCount":0,"BroadcastSubscriptionQueuesAggregateCount":0}
{"@t":"2020-11-14T13:07:47.7707906Z","@mt":"Seq {SeqVersion} running on OS {OSCaption}","SeqVersion":"2020.3.4761","OSCaption":"Linux 5.4.39-linuxkit #1 SMP Fri May 8 23:03:06 UTC 2020","SourceContext":"Seq.Server.Features.Diagnostics.EnvironmentInformationWriter"}
{"@t":"2020-11-14T13:07:47.8443245Z","@mt":"Seq detected {TotalRAM} MB of RAM","TotalRAM":2084.323328,"SourceContext":"Seq.Server.Features.Diagnostics.EnvironmentInformationWriter"}
{"@t":"2020-11-14T13:07:48.3609061Z","@mt":"Seq listening on {ListenUris}","ListenUris":["http://localhost/","http://localhost:5341/"]}
{"@t":"2020-11-14T13:07:48.3973727Z","@mt":"Opening event store at {StreamPath}","StreamPath":"/data/Stream/stream.flare","SourceContext":"Flare.Cluster.StorageNodeCoordinator"}
{"@t":"2020-11-14T13:07:48.4583492Z","@mt":"Opening metastore {MetastorePath}","MetastorePath":"/data/Documents/documents.lmdb","SourceContext":"Quince.Storage.Lmdb.LmdbDocumentStore"}
{"@t":"2020-11-14T13:07:48.5472861Z","@mt":"Storage subsystem available"}
{"@t":"2020-11-14T13:08:48.6310203Z","@mt":"{CollectionCount} more generation 2 garbage collection(s) occurred","CollectionCount":1,"SourceContext":"Seq.Server.Features.Diagnostics.GCLogger"}
{"@t":"2020-11-14T13:12:48.6232360Z","@mt":"Metrics sampled","CacheDays":0,"CacheEvents":0,"SystemMemoryUtilization":0.3669635347477145,"ProcessWorkingSetBytes":131878912,"ProcessThreads":28,"ArrivedEventsPerMinute":0,"IngestedEventsPerMinute":0,"IngestedBytesPerMinute":0,"InvalidPayloadsPerMinute":0,"UnauthorizedPayloadsPerMinute":0,"BroadcastQueueCount":0,"BroadcastSubscriptionQueuesAggregateCount":0}
{"@t":"2020-11-14T13:17:48.6189401Z","@mt":"Metrics sampled","CacheDays":0,"CacheEvents":0,"SystemMemoryUtilization":0.3733679461078315,"ProcessWorkingSetBytes":147275776,"ProcessThreads":26,"ArrivedEventsPerMinute":0,"IngestedEventsPerMinute":0,"IngestedBytesPerMinute":0,"InvalidPayloadsPerMinute":0,"UnauthorizedPayloadsPerMinute":0,"BroadcastQueueCount":0,"BroadcastSubscriptionQueuesAggregateCount":0}
{"@t":"2020-11-14T13:17:48.6246591Z","@mt":"Applying {Count} retention policies","Count":0,"SourceContext":"Seq.Server.Features.Retention.RetentionPolicyApplier"}
{"@t":"2020-11-14T13:17:48.6283622Z","@mt":"Retention processing and compaction took {Elapsed} ms; allocating {Allocation} ms for indexing","Elapsed":6.2651,"Allocation":599993.7349}
{"@t":"2020-11-14T13:17:48.6319244Z","@mt":"Beginning indexing","SourceContext":"Seq.Server.Features.Indexing.EventStoreIndexer"}
{"@t":"2020-11-14T13:17:48.7320212Z","@mt":"Wrote {IndexSetCount} index sets in {Elapsed:0.000} ms","@r":["99.000"],"IndexSetCount":0,"Elapsed":99,"SourceContext":"Seq.Server.Features.Indexing.EventStoreIndexer"}
{"@t":"2020-11-14T13:17:48.7336443Z","@mt":"Indexing took {Elapsed} ms; total iteration time was {Iteration} ms","Elapsed":104,"Iteration":110.6093}
{"@t":"2020-11-14T13:22:48.6131780Z","@mt":"Metrics sampled","CacheDays":0,"CacheEvents":0,"SystemMemoryUtilization":0.3749145161417107,"ProcessWorkingSetBytes":148934656,"ProcessThreads":24,"ArrivedEventsPerMinute":0,"IngestedEventsPerMinute":0,"IngestedBytesPerMinute":0,"InvalidPayloadsPerMinute":0,"UnauthorizedPayloadsPerMinute":0,"BroadcastQueueCount":0,"BroadcastSubscriptionQueuesAggregateCount":0}
{"@t":"2020-11-14T13:27:48.6132758Z","@mt":"Metrics sampled","CacheDays":0,"CacheEvents":0,"SystemMemoryUtilization":0.42026812454310347,"ProcessWorkingSetBytes":152850432,"ProcessThreads":29,"ArrivedEventsPerMinute":0,"IngestedEventsPerMinute":0,"IngestedBytesPerMinute":0,"InvalidPayloadsPerMinute":0,"UnauthorizedPayloadsPerMinute":0,"BroadcastQueueCount":0,"BroadcastSubscriptionQueuesAggregateCount":0}
{"@t":"2020-11-14T13:27:48.6289005Z","@mt":"Applying {Count} retention policies","Count":0,"SourceContext":"Seq.Server.Features.Retention.RetentionPolicyApplier"}
{"@t":"2020-11-14T13:27:48.6302479Z","@mt":"Retention processing and compaction took {Elapsed} ms; allocating {Allocation} ms for indexing","Elapsed":1.6143,"Allocation":599998.3857}
{"@t":"2020-11-14T13:27:48.6310436Z","@mt":"Beginning indexing","SourceContext":"Seq.Server.Features.Indexing.EventStoreIndexer"}
{"@t":"2020-11-14T13:27:48.6509786Z","@mt":"Wrote {IndexSetCount} index sets in {Elapsed:0.000} ms","@r":["14.000"],"IndexSetCount":0,"Elapsed":14,"SourceContext":"Seq.Server.Features.Indexing.EventStoreIndexer"}
{"@t":"2020-11-14T13:27:48.6516870Z","@mt":"Indexing took {Elapsed} ms; total iteration time was {Iteration} ms","Elapsed":20,"Iteration":22.262}
{"@t":"2020-11-14T13:32:48.6126318Z","@mt":"Metrics sampled","CacheDays":0.041666666666666664,"CacheEvents":199,"SystemMemoryUtilization":0.39838622196718987,"ProcessWorkingSetBytes":186376192,"ProcessThreads":25,"ArrivedEventsPerMinute":1,"IngestedEventsPerMinute":1,"IngestedBytesPerMinute":292,"InvalidPayloadsPerMinute":0,"UnauthorizedPayloadsPerMinute":0,"BroadcastQueueCount":0,"BroadcastSubscriptionQueuesAggregateCount":0}
{"@t":"2020-11-14T13:37:48.6139504Z","@mt":"Metrics sampled","CacheDays":0.041666666666666664,"CacheEvents":204,"SystemMemoryUtilization":0.4071684601900689,"ProcessWorkingSetBytes":205234176,"ProcessThreads":26,"ArrivedEventsPerMinute":1,"IngestedEventsPerMinute":1,"IngestedBytesPerMinute":292,"InvalidPayloadsPerMinute":0,"UnauthorizedPayloadsPerMinute":0,"BroadcastQueueCount":0,"BroadcastSubscriptionQueuesAggregateCount":0}
{"@t":"2020-11-14T13:37:48.6299442Z","@mt":"Applying {Count} retention policies","Count":0,"SourceContext":"Seq.Server.Features.Retention.RetentionPolicyApplier"}
{"@t":"2020-11-14T13:37:48.6309651Z","@mt":"Retention processing and compaction took {Elapsed} ms; allocating {Allocation} ms for indexing","Elapsed":1.2911,"Allocation":599998.7089}
{"@t":"2020-11-14T13:37:48.6316910Z","@mt":"Beginning indexing","SourceContext":"Seq.Server.Features.Indexing.EventStoreIndexer"}
{"@t":"2020-11-14T13:37:48.6357122Z","@mt":"Wrote {IndexSetCount} index sets in {Elapsed:0.000} ms","@r":["3.000"],"IndexSetCount":0,"Elapsed":3,"SourceContext":"Seq.Server.Features.Indexing.EventStoreIndexer"}
{"@t":"2020-11-14T13:37:48.6364302Z","@mt":"Indexing took {Elapsed} ms; total iteration time was {Iteration} ms","Elapsed":4,"Iteration":6.0155}
{"@t":"2020-11-14T13:42:48.6115731Z","@mt":"Metrics sampled","CacheDays":0.041666666666666664,"CacheEvents":209,"SystemMemoryUtilization":0.4078916339797354,"ProcessWorkingSetBytes":206458880,"ProcessThreads":23,"ArrivedEventsPerMinute":1,"IngestedEventsPerMinute":1,"IngestedBytesPerMinute":292,"InvalidPayloadsPerMinute":0,"UnauthorizedPayloadsPerMinute":0,"BroadcastQueueCount":0,"BroadcastSubscriptionQueuesAggregateCount":0}
{"@t":"2020-11-14T13:47:48.6128071Z","@mt":"Metrics sampled","CacheDays":0.041666666666666664,"CacheEvents":214,"SystemMemoryUtilization":0.41061532656799016,"ProcessWorkingSetBytes":206532608,"ProcessThreads":24,"ArrivedEventsPerMinute":1,"IngestedEventsPerMinute":1,"IngestedBytesPerMinute":292,"InvalidPayloadsPerMinute":0,"UnauthorizedPayloadsPerMinute":0,"BroadcastQueueCount":0,"BroadcastSubscriptionQueuesAggregateCount":0}
{"@t":"2020-11-14T13:47:48.6280852Z","@mt":"Applying {Count} retention policies","Count":0,"SourceContext":"Seq.Server.Features.Retention.RetentionPolicyApplier"}
{"@t":"2020-11-14T13:47:48.6289537Z","@mt":"Retention processing and compaction took {Elapsed} ms; allocating {Allocation} ms for indexing","Elapsed":1.1017,"Allocation":599998.8983}
{"@t":"2020-11-14T13:47:48.6360506Z","@mt":"Beginning indexing","SourceContext":"Seq.Server.Features.Indexing.EventStoreIndexer"}
{"@t":"2020-11-14T13:47:48.6400850Z","@mt":"Wrote {IndexSetCount} index sets in {Elapsed:0.000} ms","@r":["3.000"],"IndexSetCount":0,"Elapsed":3,"SourceContext":"Seq.Server.Features.Indexing.EventStoreIndexer"}
{"@t":"2020-11-14T13:47:48.6407814Z","@mt":"Indexing took {Elapsed} ms; total iteration time was {Iteration} ms","Elapsed":4,"Iteration":5.8548}
{"@t":"2020-11-14T13:52:48.6137494Z","@mt":"Metrics sampled","CacheDays":0.041666666666666664,"CacheEvents":219,"SystemMemoryUtilization":0.4110908919405425,"ProcessWorkingSetBytes":207077376,"ProcessThreads":21,"ArrivedEventsPerMinute":1,"IngestedEventsPerMinute":1,"IngestedBytesPerMinute":292,"InvalidPayloadsPerMinute":0,"UnauthorizedPayloadsPerMinute":0,"BroadcastQueueCount":0,"BroadcastSubscriptionQueuesAggregateCount":0}
{"@t":"2020-11-14T13:59:02.0648879Z","@mt":"Metrics sampled","CacheDays":0.041666666666666664,"CacheEvents":224,"SystemMemoryUtilization":0.41195752140044173,"ProcessWorkingSetBytes":207278080,"ProcessThreads":23,"ArrivedEventsPerMinute":1,"IngestedEventsPerMinute":1,"IngestedBytesPerMinute":292,"InvalidPayloadsPerMinute":0,"UnauthorizedPayloadsPerMinute":0,"BroadcastQueueCount":0,"BroadcastSubscriptionQueuesAggregateCount":0}
{"@t":"2020-11-14T13:59:02.0804391Z","@mt":"Applying {Count} retention policies","Count":0,"SourceContext":"Seq.Server.Features.Retention.RetentionPolicyApplier"}
{"@t":"2020-11-14T13:59:02.0811895Z","@mt":"Retention processing and compaction took {Elapsed} ms; allocating {Allocation} ms for indexing","Elapsed":0.8793,"Allocation":599999.1207}
{"@t":"2020-11-14T13:59:02.0817210Z","@mt":"Beginning indexing","SourceContext":"Seq.Server.Features.Indexing.EventStoreIndexer"}
{"@t":"2020-11-14T13:59:02.0862974Z","@mt":"Wrote {IndexSetCount} index sets in {Elapsed:0.000} ms","@r":["4.000"],"IndexSetCount":0,"Elapsed":4,"SourceContext":"Seq.Server.Features.Indexing.EventStoreIndexer"}
{"@t":"2020-11-14T13:59:02.0871721Z","@mt":"Indexing took {Elapsed} ms; total iteration time was {Iteration} ms","Elapsed":5,"Iteration":6.3151}
{"@t":"2020-11-14T14:04:02.0651597Z","@mt":"Metrics sampled","CacheDays":0.08333333333333333,"CacheEvents":229,"SystemMemoryUtilization":0.39451488401707324,"ProcessWorkingSetBytes":171409408,"ProcessThreads":22,"ArrivedEventsPerMinute":1,"IngestedEventsPerMinute":1,"IngestedBytesPerMinute":292,"InvalidPayloadsPerMinute":0,"UnauthorizedPayloadsPerMinute":0,"BroadcastQueueCount":0,"BroadcastSubscriptionQueuesAggregateCount":0}
{"@t":"2020-11-14T14:09:02.0641636Z","@mt":"Native storage metrics sampled","ABI_INTERNAL_ERROR":0,"ABI_IO_ERROR":0,"ABI_PANIC":0,"DELETE_ABANDON":0,"DELETE_BEGIN":0,"DELETE_COMPLETE":0,"DELETE_EXCLUDE_EVENT":0,"DELETE_SKIP_SPAN":0,"INDEX_SET_CREATE":0,"INDEX_SET_LOAD":0,"INDEX_SET_MISSING_INDEX_LOOKUP":0,"INDEX_SET_REMOVE":0,"INDEXER_ABORT":0,"INDEXER_BEGIN_NEW":0,"INDEXER_BEGIN_OUTDATED":0,"INDEXER_COALESCED":0,"INDEXER_COMMIT":0,"INGEST_BUF_CREATE":9,"INGEST_BUF_READ":0,"INGEST_BUF_READ_TRUNCATED":0,"INGEST_BUF_REMOVE":0,"INGEST_BUF_WRITE_EVENT":234,"MAINTENANCE_TRANSACTION_BEGIN":5,"MAINTENANCE_TRANSACTION_COMPLETE":5,"MAINTENANCE_TRANSACTION_DIRTY_COMPLETE":0,"METADATA_READ_TRUNCATED":0,"QUERY_BEGIN":0,"QUERY_END":0,"QUERY_ROW_HIT":0,"QUERY_ROW_MISS_FRAGMENT":0,"QUERY_ROW_MISS_PREDICATE":0,"READ_TRANSACTION_BEGIN":7,"READ_TRANSACTION_COMPLETE":7,"READ_TRANSACTION_DIRTY_COMPLETE":0,"REPLICATION_FULL_SYNC":0,"STABLE_SPAN_CREATE":0,"STABLE_SPAN_LAST_SEEK_PROBES":0,"STABLE_SPAN_READ":0,"STABLE_SPAN_READ_NO_INDEX_SET":0,"STABLE_SPAN_READ_SKIP":0,"STABLE_SPAN_REMOVE":0,"STABLE_SPAN_SEEK":0,"STABLE_SPAN_SPARSE_READ":0,"STORE_CLOSE":0,"STORE_CREATE":0,"STORE_OPEN":1,"TRUNCATE_COMPLETE":0,"WRITE_TRANSACTION_BEGIN":131,"WRITE_TRANSACTION_COMPLETE":131,"WRITE_TRANSACTION_DIRTY_COMPLETE":0,"WRITER_ABORT":0,"WRITER_BEGIN":131,"WRITER_COMMIT":131,"WRITER_COMMIT_MULTIPLE_BUFS":1}
{"@t":"2020-11-14T14:09:02.0653844Z","@mt":"Metrics sampled","CacheDays":0.08333333333333333,"CacheEvents":234,"SystemMemoryUtilization":0.3948745057657389,"ProcessWorkingSetBytes":171720704,"ProcessThreads":23,"ArrivedEventsPerMinute":1,"IngestedEventsPerMinute":1,"IngestedBytesPerMinute":292,"InvalidPayloadsPerMinute":0,"UnauthorizedPayloadsPerMinute":0,"BroadcastQueueCount":0,"BroadcastSubscriptionQueuesAggregateCount":0}
{"@t":"2020-11-14T14:09:02.0821863Z","@mt":"Applying {Count} retention policies","Count":0,"SourceContext":"Seq.Server.Features.Retention.RetentionPolicyApplier"}
{"@t":"2020-11-14T14:09:02.0831806Z","@mt":"Retention processing and compaction took {Elapsed} ms; allocating {Allocation} ms for indexing","Elapsed":1.1781,"Allocation":599998.8219}
{"@t":"2020-11-14T14:09:02.0838376Z","@mt":"Beginning indexing","SourceContext":"Seq.Server.Features.Indexing.EventStoreIndexer"}
{"@t":"2020-11-14T14:09:02.0879310Z","@mt":"Wrote {IndexSetCount} index sets in {Elapsed:0.000} ms","@r":["3.000"],"IndexSetCount":0,"Elapsed":3,"SourceContext":"Seq.Server.Features.Indexing.EventStoreIndexer"}
{"@t":"2020-11-14T14:09:02.0889458Z","@mt":"Indexing took {Elapsed} ms; total iteration time was {Iteration} ms","Elapsed":5,"Iteration":6.2871}
{"@t":"2020-11-14T14:14:02.0649718Z","@mt":"Metrics sampled","CacheDays":0.08333333333333333,"CacheEvents":239,"SystemMemoryUtilization":0.3953068379226047,"ProcessWorkingSetBytes":171859968,"ProcessThreads":23,"ArrivedEventsPerMinute":1,"IngestedEventsPerMinute":1,"IngestedBytesPerMinute":292,"InvalidPayloadsPerMinute":0,"UnauthorizedPayloadsPerMinute":0,"BroadcastQueueCount":0,"BroadcastSubscriptionQueuesAggregateCount":0}
{"@t":"2020-11-14T14:19:02.0656356Z","@mt":"Metrics sampled","CacheDays":0.08333333333333333,"CacheEvents":244,"SystemMemoryUtilization":0.39548370107768616,"ProcessWorkingSetBytes":171929600,"ProcessThreads":24,"ArrivedEventsPerMinute":1,"IngestedEventsPerMinute":1,"IngestedBytesPerMinute":292,"InvalidPayloadsPerMinute":0,"UnauthorizedPayloadsPerMinute":0,"BroadcastQueueCount":0,"BroadcastSubscriptionQueuesAggregateCount":0}
{"@t":"2020-11-14T14:19:02.0824149Z","@mt":"Applying {Count} retention policies","Count":0,"SourceContext":"Seq.Server.Features.Retention.RetentionPolicyApplier"}
{"@t":"2020-11-14T14:19:02.0830989Z","@mt":"Retention processing and compaction took {Elapsed} ms; allocating {Allocation} ms for indexing","Elapsed":0.8948,"Allocation":599999.1052}
{"@t":"2020-11-14T14:19:02.0837609Z","@mt":"Beginning indexing","SourceContext":"Seq.Server.Features.Indexing.EventStoreIndexer"}
{"@t":"2020-11-14T14:19:02.0877185Z","@mt":"Wrote {IndexSetCount} index sets in {Elapsed:0.000} ms","@r":["3.000"],"IndexSetCount":0,"Elapsed":3,"SourceContext":"Seq.Server.Features.Indexing.EventStoreIndexer"}
{"@t":"2020-11-14T14:19:02.0882180Z","@mt":"Indexing took {Elapsed} ms; total iteration time was {Iteration} ms","Elapsed":4,"Iteration":5.3523}
{"@t":"2020-11-14T14:24:02.0644070Z","@mt":"Metrics sampled","CacheDays":0.08333333333333333,"CacheEvents":249,"SystemMemoryUtilization":0.39514176564452863,"ProcessWorkingSetBytes":171954176,"ProcessThreads":21,"ArrivedEventsPerMinute":1,"IngestedEventsPerMinute":1,"IngestedBytesPerMinute":292,"InvalidPayloadsPerMinute":0,"UnauthorizedPayloadsPerMinute":0,"BroadcastQueueCount":0,"BroadcastSubscriptionQueuesAggregateCount":0}
{"@t":"2020-11-14T14:29:02.0648225Z","@mt":"Metrics sampled","CacheDays":0.08333333333333333,"CacheEvents":254,"SystemMemoryUtilization":0.39540902552331847,"ProcessWorkingSetBytes":171978752,"ProcessThreads":23,"ArrivedEventsPerMinute":1,"IngestedEventsPerMinute":1,"IngestedBytesPerMinute":292,"InvalidPayloadsPerMinute":0,"UnauthorizedPayloadsPerMinute":0,"BroadcastQueueCount":0,"BroadcastSubscriptionQueuesAggregateCount":0}
{"@t":"2020-11-14T14:29:02.0822821Z","@mt":"Applying {Count} retention policies","Count":0,"SourceContext":"Seq.Server.Features.Retention.RetentionPolicyApplier"}
{"@t":"2020-11-14T14:29:02.0829390Z","@mt":"Retention processing and compaction took {Elapsed} ms; allocating {Allocation} ms for indexing","Elapsed":0.909,"Allocation":599999.091}
{"@t":"2020-11-14T14:29:02.0874394Z","@mt":"Beginning indexing","SourceContext":"Seq.Server.Features.Indexing.EventStoreIndexer"}
{"@t":"2020-11-14T14:29:02.0911524Z","@mt":"Wrote {IndexSetCount} index sets in {Elapsed:0.000} ms","@r":["3.000"],"IndexSetCount":0,"Elapsed":3,"SourceContext":"Seq.Server.Features.Indexing.EventStoreIndexer"}
{"@t":"2020-11-14T14:29:02.0918011Z","@mt":"Indexing took {Elapsed} ms; total iteration time was {Iteration} ms","Elapsed":4,"Iteration":5.2506}
{"@t":"2020-11-14T14:46:31.7643745Z","@mt":"Metrics sampled","CacheDays":0.08333333333333333,"CacheEvents":259,"SystemMemoryUtilization":0.3957824032951571,"ProcessWorkingSetBytes":172437504,"ProcessThreads":24,"ArrivedEventsPerMinute":1,"IngestedEventsPerMinute":1,"IngestedBytesPerMinute":292,"InvalidPayloadsPerMinute":0,"UnauthorizedPayloadsPerMinute":0,"BroadcastQueueCount":0,"BroadcastSubscriptionQueuesAggregateCount":0}
{"@t":"2020-11-14T14:51:31.7633267Z","@mt":"Metrics sampled","CacheDays":0.08333333333333333,"CacheEvents":264,"SystemMemoryUtilization":0.39581974107234097,"ProcessWorkingSetBytes":172830720,"ProcessThreads":23,"ArrivedEventsPerMinute":1,"IngestedEventsPerMinute":1,"IngestedBytesPerMinute":292,"InvalidPayloadsPerMinute":0,"UnauthorizedPayloadsPerMinute":0,"BroadcastQueueCount":0,"BroadcastSubscriptionQueuesAggregateCount":0}
{"@t":"2020-11-14T14:51:31.7825938Z","@mt":"Applying {Count} retention policies","Count":0,"SourceContext":"Seq.Server.Features.Retention.RetentionPolicyApplier"}
{"@t":"2020-11-14T14:51:31.7834242Z","@mt":"Retention processing and compaction took {Elapsed} ms; allocating {Allocation} ms for indexing","Elapsed":1.0928,"Allocation":599998.9072}
{"@t":"2020-11-14T14:51:31.7838985Z","@mt":"Beginning indexing","SourceContext":"Seq.Server.Features.Indexing.EventStoreIndexer"}
{"@t":"2020-11-14T14:51:31.7891812Z","@mt":"Wrote {IndexSetCount} index sets in {Elapsed:0.000} ms","@r":["4.000"],"IndexSetCount":0,"Elapsed":4,"SourceContext":"Seq.Server.Features.Indexing.EventStoreIndexer"}
{"@t":"2020-11-14T14:51:31.7897934Z","@mt":"Indexing took {Elapsed} ms; total iteration time was {Iteration} ms","Elapsed":5,"Iteration":6.9704}
{"@t":"2020-11-14T14:53:31.7799647Z","@mt":"{CollectionCount} more generation 2 garbage collection(s) occurred","CollectionCount":1,"SourceContext":"Seq.Server.Features.Diagnostics.GCLogger"}
{"@t":"2020-11-14T14:56:31.7634809Z","@mt":"Metrics sampled","CacheDays":0.08333333333333333,"CacheEvents":269,"SystemMemoryUtilization":0.3958315319493464,"ProcessWorkingSetBytes":172875776,"ProcessThreads":26,"ArrivedEventsPerMinute":1,"IngestedEventsPerMinute":1,"IngestedBytesPerMinute":292,"InvalidPayloadsPerMinute":0,"UnauthorizedPayloadsPerMinute":0,"BroadcastQueueCount":0,"BroadcastSubscriptionQueuesAggregateCount":0}
{"@t":"2020-11-14T15:01:31.7653670Z","@mt":"Metrics sampled","CacheDays":0.125,"CacheEvents":274,"SystemMemoryUtilization":0.3733620506693288,"ProcessWorkingSetBytes":126218240,"ProcessThreads":26,"ArrivedEventsPerMinute":1,"IngestedEventsPerMinute":1,"IngestedBytesPerMinute":292,"InvalidPayloadsPerMinute":0,"UnauthorizedPayloadsPerMinute":0,"BroadcastQueueCount":0,"BroadcastSubscriptionQueuesAggregateCount":0}
{"@t":"2020-11-14T15:01:31.7833753Z","@mt":"Applying {Count} retention policies","Count":0,"SourceContext":"Seq.Server.Features.Retention.RetentionPolicyApplier"}
{"@t":"2020-11-14T15:01:31.7847304Z","@mt":"Retention processing and compaction took {Elapsed} ms; allocating {Allocation} ms for indexing","Elapsed":1.9505,"Allocation":599998.0495}
{"@t":"2020-11-14T15:01:31.7859231Z","@mt":"Beginning indexing","SourceContext":"Seq.Server.Features.Indexing.EventStoreIndexer"}
{"@t":"2020-11-14T15:01:31.7936052Z","@mt":"Wrote {IndexSetCount} index sets in {Elapsed:0.000} ms","@r":["6.000"],"IndexSetCount":0,"Elapsed":6,"SourceContext":"Seq.Server.Features.Indexing.EventStoreIndexer"}
{"@t":"2020-11-14T15:01:31.7943551Z","@mt":"Indexing took {Elapsed} ms; total iteration time was {Iteration} ms","Elapsed":8,"Iteration":10.4305}
{"@t":"2020-11-14T15:06:31.7648068Z","@mt":"Metrics sampled","CacheDays":0.125,"CacheEvents":279,"SystemMemoryUtilization":0.37359393791710227,"ProcessWorkingSetBytes":126709760,"ProcessThreads":24,"ArrivedEventsPerMinute":1,"IngestedEventsPerMinute":1,"IngestedBytesPerMinute":292,"InvalidPayloadsPerMinute":0,"UnauthorizedPayloadsPerMinute":0,"BroadcastQueueCount":0,"BroadcastSubscriptionQueuesAggregateCount":0}
{"@t":"2020-11-14T15:11:31.7646864Z","@mt":"Metrics sampled","CacheDays":0.125,"CacheEvents":284,"SystemMemoryUtilization":0.37405967755881686,"ProcessWorkingSetBytes":127152128,"ProcessThreads":24,"ArrivedEventsPerMinute":1,"IngestedEventsPerMinute":1,"IngestedBytesPerMinute":292,"InvalidPayloadsPerMinute":0,"UnauthorizedPayloadsPerMinute":0,"BroadcastQueueCount":0,"BroadcastSubscriptionQueuesAggregateCount":0}
{"@t":"2020-11-14T15:11:31.7847588Z","@mt":"Applying {Count} retention policies","Count":0,"SourceContext":"Seq.Server.Features.Retention.RetentionPolicyApplier"}
{"@t":"2020-11-14T15:11:31.7860447Z","@mt":"Retention processing and compaction took {Elapsed} ms; allocating {Allocation} ms for indexing","Elapsed":2.9766,"Allocation":599997.0234}
{"@t":"2020-11-14T15:11:31.7869144Z","@mt":"Beginning indexing","SourceContext":"Seq.Server.Features.Indexing.EventStoreIndexer"}
{"@t":"2020-11-14T15:11:31.7971915Z","@mt":"Wrote {IndexSetCount} index sets in {Elapsed:0.000} ms","@r":["9.000"],"IndexSetCount":0,"Elapsed":9,"SourceContext":"Seq.Server.Features.Indexing.EventStoreIndexer"}
{"@t":"2020-11-14T15:11:31.7977664Z","@mt":"Indexing took {Elapsed} ms; total iteration time was {Iteration} ms","Elapsed":10,"Iteration":13.8447}
{"@t":"2020-11-14T15:16:31.7637157Z","@mt":"Metrics sampled","CacheDays":0.125,"CacheEvents":289,"SystemMemoryUtilization":0.374036095804806,"ProcessWorkingSetBytes":127787008,"ProcessThreads":24,"ArrivedEventsPerMinute":1,"IngestedEventsPerMinute":1,"IngestedBytesPerMinute":292,"InvalidPayloadsPerMinute":0,"UnauthorizedPayloadsPerMinute":0,"BroadcastQueueCount":0,"BroadcastSubscriptionQueuesAggregateCount":0}
{"@t":"2020-11-14T15:21:31.7602165Z","@mt":"Native storage metrics sampled","ABI_INTERNAL_ERROR":0,"ABI_IO_ERROR":0,"ABI_PANIC":0,"DELETE_ABANDON":0,"DELETE_BEGIN":0,"DELETE_COMPLETE":0,"DELETE_EXCLUDE_EVENT":0,"DELETE_SKIP_SPAN":0,"INDEX_SET_CREATE":0,"INDEX_SET_LOAD":0,"INDEX_SET_MISSING_INDEX_LOOKUP":0,"INDEX_SET_REMOVE":0,"INDEXER_ABORT":0,"INDEXER_BEGIN_NEW":0,"INDEXER_BEGIN_OUTDATED":0,"INDEXER_COALESCED":0,"INDEXER_COMMIT":0,"INGEST_BUF_CREATE":22,"INGEST_BUF_READ":0,"INGEST_BUF_READ_TRUNCATED":0,"INGEST_BUF_REMOVE":0,"INGEST_BUF_WRITE_EVENT":294,"MAINTENANCE_TRANSACTION_BEGIN":11,"MAINTENANCE_TRANSACTION_COMPLETE":11,"MAINTENANCE_TRANSACTION_DIRTY_COMPLETE":0,"METADATA_READ_TRUNCATED":0,"QUERY_BEGIN":0,"QUERY_END":0,"QUERY_ROW_HIT":0,"QUERY_ROW_MISS_FRAGMENT":0,"QUERY_ROW_MISS_PREDICATE":0,"READ_TRANSACTION_BEGIN":13,"READ_TRANSACTION_COMPLETE":13,"READ_TRANSACTION_DIRTY_COMPLETE":0,"REPLICATION_FULL_SYNC":0,"STABLE_SPAN_CREATE":0,"STABLE_SPAN_LAST_SEEK_PROBES":0,"STABLE_SPAN_READ":0,"STABLE_SPAN_READ_NO_INDEX_SET":0,"STABLE_SPAN_READ_SKIP":0,"STABLE_SPAN_REMOVE":0,"STABLE_SPAN_SEEK":0,"STABLE_SPAN_SPARSE_READ":0,"STORE_CLOSE":0,"STORE_CREATE":0,"STORE_OPEN":1,"TRUNCATE_COMPLETE":0,"WRITE_TRANSACTION_BEGIN":191,"WRITE_TRANSACTION_COMPLETE":191,"WRITE_TRANSACTION_DIRTY_COMPLETE":0,"WRITER_ABORT":0,"WRITER_BEGIN":191,"WRITER_COMMIT":191,"WRITER_COMMIT_MULTIPLE_BUFS":1}
{"@t":"2020-11-14T15:21:31.7630652Z","@mt":"Metrics sampled","CacheDays":0.125,"CacheEvents":294,"SystemMemoryUtilization":0.3742994253912606,"ProcessWorkingSetBytes":128483328,"ProcessThreads":25,"ArrivedEventsPerMinute":1,"IngestedEventsPerMinute":1,"IngestedBytesPerMinute":292,"InvalidPayloadsPerMinute":0,"UnauthorizedPayloadsPerMinute":0,"BroadcastQueueCount":0,"BroadcastSubscriptionQueuesAggregateCount":0}
{"@t":"2020-11-14T15:21:31.7854556Z","@mt":"Applying {Count} retention policies","Count":0,"SourceContext":"Seq.Server.Features.Retention.RetentionPolicyApplier"}
{"@t":"2020-11-14T15:21:31.7867015Z","@mt":"Retention processing and compaction took {Elapsed} ms; allocating {Allocation} ms for indexing","Elapsed":1.6616,"Allocation":599998.3384}
{"@t":"2020-11-14T15:21:31.7873999Z","@mt":"Beginning indexing","SourceContext":"Seq.Server.Features.Indexing.EventStoreIndexer"}
{"@t":"2020-11-14T15:21:31.7939432Z","@mt":"Wrote {IndexSetCount} index sets in {Elapsed:0.000} ms","@r":["5.000"],"IndexSetCount":0,"Elapsed":5,"SourceContext":"Seq.Server.Features.Indexing.EventStoreIndexer"}
{"@t":"2020-11-14T15:21:31.7948298Z","@mt":"Indexing took {Elapsed} ms; total iteration time was {Iteration} ms","Elapsed":7,"Iteration":9.0994}
{"@t":"2020-11-14T15:26:31.7643725Z","@mt":"Metrics sampled","CacheDays":0.125,"CacheEvents":299,"SystemMemoryUtilization":0.37473568784046163,"ProcessWorkingSetBytes":129196032,"ProcessThreads":25,"ArrivedEventsPerMinute":1,"IngestedEventsPerMinute":1,"IngestedBytesPerMinute":292,"InvalidPayloadsPerMinute":0,"UnauthorizedPayloadsPerMinute":0,"BroadcastQueueCount":0,"BroadcastSubscriptionQueuesAggregateCount":0}
{"@t":"2020-11-14T15:31:31.7644477Z","@mt":"Metrics sampled","CacheDays":0.125,"CacheEvents":304,"SystemMemoryUtilization":0.37420116808288195,"ProcessWorkingSetBytes":129265664,"ProcessThreads":25,"ArrivedEventsPerMinute":1,"IngestedEventsPerMinute":1,"IngestedBytesPerMinute":292,"InvalidPayloadsPerMinute":0,"UnauthorizedPayloadsPerMinute":0,"BroadcastQueueCount":0,"BroadcastSubscriptionQueuesAggregateCount":0}
{"@t":"2020-11-14T15:31:31.7865913Z","@mt":"Applying {Count} retention policies","Count":0,"SourceContext":"Seq.Server.Features.Retention.RetentionPolicyApplier"}
{"@t":"2020-11-14T15:31:31.7882732Z","@mt":"Retention processing and compaction took {Elapsed} ms; allocating {Allocation} ms for indexing","Elapsed":2.1321,"Allocation":599997.8679}
{"@t":"2020-11-14T15:31:31.7892972Z","@mt":"Beginning indexing","SourceContext":"Seq.Server.Features.Indexing.EventStoreIndexer"}
{"@t":"2020-11-14T15:31:31.7963308Z","@mt":"Wrote {IndexSetCount} index sets in {Elapsed:0.000} ms","@r":["6.000"],"IndexSetCount":0,"Elapsed":6,"SourceContext":"Seq.Server.Features.Indexing.EventStoreIndexer"}
{"@t":"2020-11-14T15:31:31.7970124Z","@mt":"Indexing took {Elapsed} ms; total iteration time was {Iteration} ms","Elapsed":7,"Iteration":9.8564}
{"@t":"2020-11-14T15:36:31.7653903Z","@mt":"Metrics sampled","CacheDays":0.125,"CacheEvents":309,"SystemMemoryUtilization":0.3746413608244181,"ProcessWorkingSetBytes":129347584,"ProcessThreads":26,"ArrivedEventsPerMinute":1,"IngestedEventsPerMinute":1,"IngestedBytesPerMinute":292,"InvalidPayloadsPerMinute":0,"UnauthorizedPayloadsPerMinute":0,"BroadcastQueueCount":0,"BroadcastSubscriptionQueuesAggregateCount":0}
{"@t":"2020-11-14T15:41:31.7665403Z","@mt":"Metrics sampled","CacheDays":0.125,"CacheEvents":314,"SystemMemoryUtilization":0.3744212644536501,"ProcessWorkingSetBytes":129445888,"ProcessThreads":24,"ArrivedEventsPerMinute":1,"IngestedEventsPerMinute":1,"IngestedBytesPerMinute":292,"InvalidPayloadsPerMinute":0,"UnauthorizedPayloadsPerMinute":0,"BroadcastQueueCount":0,"BroadcastSubscriptionQueuesAggregateCount":0}
{"@t":"2020-11-14T15:41:31.7890751Z","@mt":"Applying {Count} retention policies","Count":0,"SourceContext":"Seq.Server.Features.Retention.RetentionPolicyApplier"}
{"@t":"2020-11-14T15:41:31.7904912Z","@mt":"Retention processing and compaction took {Elapsed} ms; allocating {Allocation} ms for indexing","Elapsed":2.4019,"Allocation":599997.5981}
{"@t":"2020-11-14T15:41:31.7917819Z","@mt":"Beginning indexing","SourceContext":"Seq.Server.Features.Indexing.EventStoreIndexer"}
{"@t":"2020-11-14T15:41:31.7993953Z","@mt":"Wrote {IndexSetCount} index sets in {Elapsed:0.000} ms","@r":["6.000"],"IndexSetCount":0,"Elapsed":6,"SourceContext":"Seq.Server.Features.Indexing.EventStoreIndexer"}
{"@t":"2020-11-14T15:41:31.8001173Z","@mt":"Indexing took {Elapsed} ms; total iteration time was {Iteration} ms","Elapsed":8,"Iteration":10.8919}
{"@t":"2020-11-14T15:42:00.0785692Z","@mt":"Termination signal received"}
{"@t":"2020-11-14T15:42:00.0894553Z","@mt":"Signalling for {Workers} worker task(s) to complete","Workers":3,"SourceContext":"Flare.Workers.WorkerPool"}
{"@t":"2020-11-14T15:42:00.6972644Z","@mt":"Stopping {Tasks} scheduled tasks","Tasks":15,"SourceContext":"Seq.Server.Tasks.TaskRunner"}
{"@t":"2020-11-14T15:42:00.7071677Z","@mt":"Stopping broadcast channel","SourceContext":"Flare.Broadcast.BroadcastChannel"}
{"@t":"2020-11-14T15:42:01.6744383Z","@mt":"Stopping input channel","SourceContext":"Seq.Server.Features.Apps.Inputs.InputChannel"}
{"@t":"2020-11-14T15:42:02.6825564Z","@mt":"Closing event store","SourceContext":"Flare.Cluster.StorageNodeCoordinator"}
{"@t":"2020-11-14T15:42:02.6856668Z","@mt":"Closing metastore","SourceContext":"Quince.Storage.Lmdb.LmdbDocumentStore"}
{"@t":"2020-11-14T15:42:02.7041889Z","@mt":"Server stopped cleanly"}
